<?xml version="1.0" encoding="UTF-8"?>
<!-- Generated by org.testng.reporters.JUnitReportReporter -->
<testsuite hostname="IN2199617W2" failures="0" tests="1" name="test.HeaderValidationDemo" time="1.594" errors="0" timestamp="2023-01-20T13:15:10 IST" skipped="0">
  <testcase classname="test.HeaderValidationDemo" name="HeaderPrint" time="1.594"/>
  <system-out/>
</testsuite> <!-- test.HeaderValidationDemo -->
