<?xml version="1.0" encoding="UTF-8"?>
<!-- Generated by org.testng.reporters.JUnitReportReporter -->
<testsuite hostname="IN2199617W2" failures="0" tests="1" name="test.ResponseBodyValidation" time="2.518" errors="0" timestamp="2023-01-20T13:24:04 IST" skipped="0">
  <testcase classname="test.ResponseBodyValidation" name="BodyPrint" time="2.518"/>
  <system-out/>
</testsuite> <!-- test.ResponseBodyValidation -->
