<?xml version="1.0" encoding="UTF-8"?>
<!-- Generated by org.testng.reporters.JUnitReportReporter -->
<testsuite hostname="IN2199617W2" failures="0" tests="1" name="test.RestAssuredAPITest" time="3.058" errors="0" timestamp="2023-01-20T12:56:07 IST" skipped="0">
  <testcase classname="test.RestAssuredAPITest" name="getUsers" time="3.058"/>
  <system-out/>
</testsuite> <!-- test.RestAssuredAPITest -->
